<?xml version="1.0" encoding="UTF-8"?>
<!-- Generated by org.testng.reporters.JUnitXMLReporter -->
<testsuite ignored="0" hostname="LAPTOP-BG1H6HQE" failures="0" tests="3" name="framework" time="60.901" errors="0" timestamp="22 May 2020 06:49:06 GMT">
  <testcase classname="com.rediff.testcases.InboxPageTest" name="onClickItemTest" time="4.697"/>
  <testcase classname="com.rediff.testcases.InboxPageTest" name="profileVerificationTest" time="0.071"/>
  <testcase classname="com.rediff.testcases.SignInTest" name="onSuccessfulLoginTest" time="6.029"/>
</testsuite> <!-- framework -->
