<?xml version="1.0" encoding="UTF-8"?>
<!-- Generated by org.testng.reporters.JUnitXMLReporter -->
<testsuite ignored="0" hostname="LAPTOP-BG1H6HQE" failures="0" tests="4" name="Surefire test" time="0.045" errors="0" timestamp="19 May 2020 04:56:09 GMT">
  <testcase classname="com.rediff.testcases.HomePageTest" name="setUp" time="0.009"/>
  <testcase classname="com.rediff.testcases.HomePageTest" name="tearDown" time="0.0"/>
  <testcase classname="com.rediff.testcases.SignInTest" name="Signout" time="0.0"/>
  <testcase classname="com.rediff.testcases.SignInTest" name="signIn" time="0.0"/>
</testsuite> <!-- Surefire test -->
