<?xml version="1.0" encoding="UTF-8"?>
<testsuite xmlns:xsi="http://www.w3.org/2001/XMLSchema-instance" xsi:noNamespaceSchemaLocation="https://maven.apache.org/surefire/maven-surefire-plugin/xsd/surefire-test-report.xsd" name="TestSuite" time="123.085" tests="7" errors="0" skipped="0" failures="1">
  <properties>
[...]
</properties>
  <testcase name="onClickItemTest" classname="com.rediff.testcases.InboxPageTest" time="4.413"/>
  <testcase name="profileVerificationTest" classname="com.rediff.testcases.InboxPageTest" time="4.141"/>
  <testcase name="onClickSignInTest" classname="com.rediff.testcases.HomePageTest" time="0.094"/>
  <testcase name="onSuccessfulLoginTest" classname="com.rediff.testcases.SignInTest" time="4.761"/>
  <testcase name="getTitleHomeTest" classname="com.rediff.testcases.HomePageTest" time="2.587">
    <failure message="expected [Rediff.com: News | Rediffmail1 | Stock Quotes | Shopping] but found [Rediff.com: News | Rediffmail | Stock Quotes | Shopping]" type="java.lang.AssertionError">java.lang.AssertionError: expected [Rediff.com: News | Rediffmail1 | Stock Quotes | Shopping] but found [Rediff.com: News | Rediffmail | Stock Quotes | Shopping]
	at com.rediff.testcases.HomePageTest.getTitleHomeTest(HomePageTest.java:40)
</failure>
    <system-out><![CDATA[14:50:13.353 [main] INFO  com.rediff.base.Base - SignInTest is completed
14:50:16.563 [main] INFO  com.rediff.base.Base - ChromeDriver has been initialized
14:50:16.563 [main] DEBUG com.rediff.base.Base - RddifMail URL is set into the address bar
14:50:21.795 [main] INFO  com.rediff.base.Base - ReddifMail website is launced successfully
14:50:25.567 [main] INFO  com.rediff.base.Base - Browser window is maximized
14:50:25.624 [main] INFO  com.rediff.base.Base - Implict wait is set to 10 seconds globally
14:50:25.624 [main] DEBUG com.rediff.base.Base - Initialization method is invoked for homepage test
14:50:25.635 [main] INFO  com.rediff.base.Base - HomePage title is fetched
]]></system-out>
    <system-err><![CDATA[Starting ChromeDriver 81.0.4044.138 (8c6c7ba89cc9453625af54f11fd83179e23450fa-refs/branch-heads/4044@{#999}) on port 6152
Only local connections are allowed.
Please protect ports used by ChromeDriver and related test frameworks to prevent access by malicious code.
May 25, 2020 2:50:16 PM org.openqa.selenium.remote.ProtocolHandshake createSession
INFO: Detected dialect: W3C
[1590398417.991][SEVERE]: Timed out receiving message from renderer: 0.100
[1590398418.093][SEVERE]: Timed out receiving message from renderer: 0.100
[1590398418.195][SEVERE]: Timed out receiving message from renderer: 0.100
[1590398418.297][SEVERE]: Timed out receiving message from renderer: 0.100
[1590398418.398][SEVERE]: Timed out receiving message from renderer: 0.100
[1590398418.499][SEVERE]: Timed out receiving message from renderer: 0.100
[1590398418.603][SEVERE]: Timed out receiving message from renderer: 0.100
[1590398418.705][SEVERE]: Timed out receiving message from renderer: 0.100
[1590398419.288][SEVERE]: Timed out receiving message from renderer: 0.100
[1590398419.394][SEVERE]: Timed out receiving message from renderer: 0.100
[1590398419.495][SEVERE]: Timed out receiving message from renderer: 0.100
[1590398419.728][SEVERE]: Timed out receiving message from renderer: 0.100
[1590398419.889][SEVERE]: Timed out receiving message from renderer: 0.100
[1590398419.996][SEVERE]: Timed out receiving message from renderer: 0.100
[1590398420.111][SEVERE]: Timed out receiving message from renderer: 0.100
[1590398420.218][SEVERE]: Timed out receiving message from renderer: 0.100
[1590398420.320][SEVERE]: Timed out receiving message from renderer: 0.100
[1590398420.423][SEVERE]: Timed out receiving message from renderer: 0.100
[1590398420.574][SEVERE]: Timed out receiving message from renderer: 0.100
[1590398420.676][SEVERE]: Timed out receiving message from renderer: 0.100
[1590398420.853][SEVERE]: Timed out receiving message from renderer: 0.100
[1590398420.955][SEVERE]: Timed out receiving message from renderer: 0.100
[1590398421.069][SEVERE]: Timed out receiving message from renderer: 0.100
[1590398421.171][SEVERE]: Timed out receiving message from renderer: 0.100
[1590398421.355][SEVERE]: Timed out receiving message from renderer: 0.100
[1590398421.457][SEVERE]: Timed out receiving message from renderer: 0.100
[1590398424.101][SEVERE]: Timed out receiving message from renderer: 0.100
[1590398424.202][SEVERE]: Timed out receiving message from renderer: 0.100
[1590398424.459][SEVERE]: Timed out receiving message from renderer: 0.100
[1590398424.564][SEVERE]: Timed out receiving message from renderer: 0.100
[1590398424.668][SEVERE]: Timed out receiving message from renderer: 0.100
[1590398424.777][SEVERE]: Timed out receiving message from renderer: 0.100
[1590398424.880][SEVERE]: Timed out receiving message from renderer: 0.100
[1590398424.999][SEVERE]: Timed out receiving message from renderer: 0.100
[1590398425.100][SEVERE]: Timed out receiving message from renderer: 0.100
[1590398425.202][SEVERE]: Timed out receiving message from renderer: 0.100
[1590398425.309][SEVERE]: Timed out receiving message from renderer: 0.100
[1590398425.430][SEVERE]: Timed out receiving message from renderer: 0.100
[1590398427.091][SEVERE]: Timed out receiving message from renderer: 0.100
[1590398427.193][SEVERE]: Timed out receiving message from renderer: 0.100
[1590398427.295][SEVERE]: Timed out receiving message from renderer: 0.100
[1590398427.396][SEVERE]: Timed out receiving message from renderer: 0.100
[1590398427.512][SEVERE]: Timed out receiving message from renderer: 0.100
[1590398427.614][SEVERE]: Timed out receiving message from renderer: 0.100
[1590398427.716][SEVERE]: Timed out receiving message from renderer: 0.100
[1590398427.818][SEVERE]: Timed out receiving message from renderer: 0.100
[1590398427.920][SEVERE]: Timed out receiving message from renderer: 0.100
[1590398428.024][SEVERE]: Timed out receiving message from renderer: 0.100
]]></system-err>
  </testcase>
  <testcase name="getTitleSigninTest" classname="com.rediff.testcases.SignInTest" time="1.521"/>
  <testcase name="onClickSignupTest" classname="com.rediff.testcases.HomePageTest" time="2.503"/>
</testsuite>