<?xml version="1.0" encoding="UTF-8"?>
<!-- Generated by org.testng.reporters.JUnitXMLReporter -->
<testsuite ignored="0" hostname="LAPTOP-BG1H6HQE" failures="0" tests="3" name="framework" time="69.985" errors="0" timestamp="19 May 2020 17:00:15 GMT">
  <testcase classname="com.rediff.testcases.InboxPageTest" name="onClickItemTest" time="6.043"/>
  <testcase classname="com.rediff.testcases.InboxPageTest" name="profileVerificationTest" time="7.788"/>
  <testcase classname="com.rediff.testcases.SignInTest" name="onSuccessfulLoginTest" time="4.267"/>
</testsuite> <!-- framework -->
